<?xml version="1.0" encoding="UTF-8"?>
<!-- Generated by org.testng.reporters.JUnitReportReporter -->
<testsuite skipped="0" hostname="Ajay-Laptop" name="testScripts.LoginTest" tests="1" failures="0" timestamp="16 Aug 2020 03:42:28 GMT" time="2.728" errors="0">
  <testcase name="logiinTest" time="2.728" classname="testScripts.LoginTest"/>
</testsuite> <!-- testScripts.LoginTest -->
